11 29, 2017 10:22:34 午前 org.apache.catalina.startup.VersionLoggerListener log
情報: Server version:        Apache Tomcat/7.0.82
11 29, 2017 10:22:34 午前 org.apache.catalina.startup.VersionLoggerListener log
情報: Server built:          Sep 29 2017 12:23:15 UTC
11 29, 2017 10:22:34 午前 org.apache.catalina.startup.VersionLoggerListener log
情報: Server number:         7.0.82.0
11 29, 2017 10:22:34 午前 org.apache.catalina.startup.VersionLoggerListener log
情報: OS Name:               Linux
11 29, 2017 10:22:34 午前 org.apache.catalina.startup.VersionLoggerListener log
情報: OS Version:            4.9.63-1-MANJARO
11 29, 2017 10:22:34 午前 org.apache.catalina.startup.VersionLoggerListener log
情報: Architecture:          amd64
11 29, 2017 10:22:34 午前 org.apache.catalina.startup.VersionLoggerListener log
情報: Java Home:             /usr/lib/jvm/java-8-openjdk/jre
11 29, 2017 10:22:34 午前 org.apache.catalina.startup.VersionLoggerListener log
情報: JVM Version:           1.8.0_144-b01
11 29, 2017 10:22:34 午前 org.apache.catalina.startup.VersionLoggerListener log
情報: JVM Vendor:            Oracle Corporation
11 29, 2017 10:22:34 午前 org.apache.catalina.startup.VersionLoggerListener log
情報: CATALINA_BASE:         /home/harukat/Homework/Software_CLASS/1-3/7/apache-tomcat-7.0.82
11 29, 2017 10:22:34 午前 org.apache.catalina.startup.VersionLoggerListener log
情報: CATALINA_HOME:         /home/harukat/Homework/Software_CLASS/1-3/7/apache-tomcat-7.0.82
11 29, 2017 10:22:34 午前 org.apache.catalina.startup.VersionLoggerListener log
情報: Command line argument: -Djava.util.logging.config.file=/home/harukat/Homework/Software_CLASS/1-3/7/apache-tomcat-7.0.82/conf/logging.properties
11 29, 2017 10:22:34 午前 org.apache.catalina.startup.VersionLoggerListener log
情報: Command line argument: -Djava.util.logging.manager=org.apache.juli.ClassLoaderLogManager
11 29, 2017 10:22:34 午前 org.apache.catalina.startup.VersionLoggerListener log
情報: Command line argument: -Djdk.tls.ephemeralDHKeySize=2048
11 29, 2017 10:22:34 午前 org.apache.catalina.startup.VersionLoggerListener log
情報: Command line argument: -Djava.endorsed.dirs=/home/harukat/Homework/Software_CLASS/1-3/7/apache-tomcat-7.0.82/endorsed
11 29, 2017 10:22:34 午前 org.apache.catalina.startup.VersionLoggerListener log
情報: Command line argument: -Dcatalina.base=/home/harukat/Homework/Software_CLASS/1-3/7/apache-tomcat-7.0.82
11 29, 2017 10:22:34 午前 org.apache.catalina.startup.VersionLoggerListener log
情報: Command line argument: -Dcatalina.home=/home/harukat/Homework/Software_CLASS/1-3/7/apache-tomcat-7.0.82
11 29, 2017 10:22:34 午前 org.apache.catalina.startup.VersionLoggerListener log
情報: Command line argument: -Djava.io.tmpdir=/home/harukat/Homework/Software_CLASS/1-3/7/apache-tomcat-7.0.82/temp
11 29, 2017 10:22:34 午前 org.apache.catalina.core.AprLifecycleListener lifecycleEvent
情報: The APR based Apache Tomcat Native library which allows optimal performance in production environments was not found on the java.library.path: /usr/java/packages/lib/amd64:/usr/lib64:/lib64:/lib:/usr/lib
11 29, 2017 10:22:34 午前 org.apache.coyote.AbstractProtocol init
情報: Initializing ProtocolHandler ["http-bio-8080"]
11 29, 2017 10:22:34 午前 org.apache.coyote.AbstractProtocol init
情報: Initializing ProtocolHandler ["ajp-bio-8009"]
11 29, 2017 10:22:34 午前 org.apache.catalina.startup.Catalina load
情報: Initialization processed in 1817 ms
11 29, 2017 10:22:34 午前 org.apache.catalina.core.StandardService startInternal
情報: サービス Catalina を起動します
11 29, 2017 10:22:34 午前 org.apache.catalina.core.StandardEngine startInternal
情報: Starting Servlet Engine: Apache Tomcat/7.0.82
11 29, 2017 10:22:34 午前 org.apache.catalina.startup.HostConfig deployDescriptor
情報: 設定記述子 /home/harukat/Homework/Software_CLASS/1-3/7/apache-tomcat-7.0.82/conf/Catalina/localhost/TextArea.xml を配備します
11 29, 2017 10:22:35 午前 org.apache.catalina.startup.HostConfig deployDescriptor
情報: Deployment of configuration descriptor /home/harukat/Homework/Software_CLASS/1-3/7/apache-tomcat-7.0.82/conf/Catalina/localhost/TextArea.xml has finished in 661 ms
11 29, 2017 10:22:35 午前 org.apache.catalina.startup.HostConfig deployDirectory
情報: Webアプリケーションディレクトリ /home/harukat/Homework/Software_CLASS/1-3/7/apache-tomcat-7.0.82/webapps/ROOT を配備します
11 29, 2017 10:22:35 午前 org.apache.catalina.startup.HostConfig deployDirectory
情報: Deployment of web application directory /home/harukat/Homework/Software_CLASS/1-3/7/apache-tomcat-7.0.82/webapps/ROOT has finished in 123 ms
11 29, 2017 10:22:35 午前 org.apache.catalina.startup.HostConfig deployDirectory
情報: Webアプリケーションディレクトリ /home/harukat/Homework/Software_CLASS/1-3/7/apache-tomcat-7.0.82/webapps/docs を配備します
11 29, 2017 10:22:35 午前 org.apache.catalina.startup.HostConfig deployDirectory
情報: Deployment of web application directory /home/harukat/Homework/Software_CLASS/1-3/7/apache-tomcat-7.0.82/webapps/docs has finished in 41 ms
11 29, 2017 10:22:35 午前 org.apache.catalina.startup.HostConfig deployDirectory
情報: Webアプリケーションディレクトリ /home/harukat/Homework/Software_CLASS/1-3/7/apache-tomcat-7.0.82/webapps/host-manager を配備します
11 29, 2017 10:22:35 午前 org.apache.catalina.startup.HostConfig deployDirectory
情報: Deployment of web application directory /home/harukat/Homework/Software_CLASS/1-3/7/apache-tomcat-7.0.82/webapps/host-manager has finished in 340 ms
11 29, 2017 10:22:35 午前 org.apache.catalina.startup.HostConfig deployDirectory
情報: Webアプリケーションディレクトリ /home/harukat/Homework/Software_CLASS/1-3/7/apache-tomcat-7.0.82/webapps/manager を配備します
11 29, 2017 10:22:36 午前 org.apache.catalina.startup.HostConfig deployDirectory
情報: Deployment of web application directory /home/harukat/Homework/Software_CLASS/1-3/7/apache-tomcat-7.0.82/webapps/manager has finished in 188 ms
11 29, 2017 10:22:36 午前 org.apache.catalina.startup.HostConfig deployDirectory
情報: Webアプリケーションディレクトリ /home/harukat/Homework/Software_CLASS/1-3/7/apache-tomcat-7.0.82/webapps/examples を配備します
11 29, 2017 10:22:37 午前 org.apache.catalina.startup.HostConfig deployDirectory
情報: Deployment of web application directory /home/harukat/Homework/Software_CLASS/1-3/7/apache-tomcat-7.0.82/webapps/examples has finished in 861 ms
11 29, 2017 10:22:37 午前 org.apache.coyote.AbstractProtocol start
情報: Starting ProtocolHandler ["http-bio-8080"]
11 29, 2017 10:22:37 午前 org.apache.coyote.AbstractProtocol start
情報: Starting ProtocolHandler ["ajp-bio-8009"]
11 29, 2017 10:22:37 午前 org.apache.catalina.startup.Catalina start
情報: Server startup in 2345 ms
11 29, 2017 10:37:15 午前 org.apache.catalina.core.StandardServer await
情報: A valid shutdown command was received via the shutdown port. Stopping the Server instance.
11 29, 2017 10:37:15 午前 org.apache.coyote.AbstractProtocol pause
情報: Pausing ProtocolHandler ["http-bio-8080"]
11 29, 2017 10:37:15 午前 org.apache.coyote.AbstractProtocol pause
情報: Pausing ProtocolHandler ["ajp-bio-8009"]
11 29, 2017 10:37:15 午前 org.apache.catalina.core.StandardService stopInternal
情報: サービス Catalina を停止します
11 29, 2017 10:37:15 午前 org.apache.coyote.AbstractProtocol stop
情報: Stopping ProtocolHandler ["http-bio-8080"]
11 29, 2017 10:37:15 午前 org.apache.coyote.AbstractProtocol stop
情報: Stopping ProtocolHandler ["ajp-bio-8009"]
11 29, 2017 10:37:15 午前 org.apache.coyote.AbstractProtocol destroy
情報: Destroying ProtocolHandler ["http-bio-8080"]
11 29, 2017 10:37:15 午前 org.apache.coyote.AbstractProtocol destroy
情報: Destroying ProtocolHandler ["ajp-bio-8009"]
11 29, 2017 2:39:44 午後 org.apache.catalina.startup.VersionLoggerListener log
情報: Server version:        Apache Tomcat/7.0.82
11 29, 2017 2:39:45 午後 org.apache.catalina.startup.VersionLoggerListener log
情報: Server built:          Sep 29 2017 12:23:15 UTC
11 29, 2017 2:39:45 午後 org.apache.catalina.startup.VersionLoggerListener log
情報: Server number:         7.0.82.0
11 29, 2017 2:39:45 午後 org.apache.catalina.startup.VersionLoggerListener log
情報: OS Name:               Linux
11 29, 2017 2:39:45 午後 org.apache.catalina.startup.VersionLoggerListener log
情報: OS Version:            4.9.63-1-MANJARO
11 29, 2017 2:39:45 午後 org.apache.catalina.startup.VersionLoggerListener log
情報: Architecture:          amd64
11 29, 2017 2:39:45 午後 org.apache.catalina.startup.VersionLoggerListener log
情報: Java Home:             /usr/lib/jvm/java-8-openjdk/jre
11 29, 2017 2:39:45 午後 org.apache.catalina.startup.VersionLoggerListener log
情報: JVM Version:           1.8.0_144-b01
11 29, 2017 2:39:45 午後 org.apache.catalina.startup.VersionLoggerListener log
情報: JVM Vendor:            Oracle Corporation
11 29, 2017 2:39:45 午後 org.apache.catalina.startup.VersionLoggerListener log
情報: CATALINA_BASE:         /home/harukat/Homework/Software_CLASS/1-3/7/apache-tomcat-7.0.82
11 29, 2017 2:39:45 午後 org.apache.catalina.startup.VersionLoggerListener log
情報: CATALINA_HOME:         /home/harukat/Homework/Software_CLASS/1-3/7/apache-tomcat-7.0.82
11 29, 2017 2:39:45 午後 org.apache.catalina.startup.VersionLoggerListener log
情報: Command line argument: -Djava.util.logging.config.file=/home/harukat/Homework/Software_CLASS/1-3/7/apache-tomcat-7.0.82/conf/logging.properties
11 29, 2017 2:39:45 午後 org.apache.catalina.startup.VersionLoggerListener log
情報: Command line argument: -Djava.util.logging.manager=org.apache.juli.ClassLoaderLogManager
11 29, 2017 2:39:45 午後 org.apache.catalina.startup.VersionLoggerListener log
情報: Command line argument: -Djdk.tls.ephemeralDHKeySize=2048
11 29, 2017 2:39:45 午後 org.apache.catalina.startup.VersionLoggerListener log
情報: Command line argument: -Djava.endorsed.dirs=/home/harukat/Homework/Software_CLASS/1-3/7/apache-tomcat-7.0.82/endorsed
11 29, 2017 2:39:45 午後 org.apache.catalina.startup.VersionLoggerListener log
情報: Command line argument: -Dcatalina.base=/home/harukat/Homework/Software_CLASS/1-3/7/apache-tomcat-7.0.82
11 29, 2017 2:39:45 午後 org.apache.catalina.startup.VersionLoggerListener log
情報: Command line argument: -Dcatalina.home=/home/harukat/Homework/Software_CLASS/1-3/7/apache-tomcat-7.0.82
11 29, 2017 2:39:45 午後 org.apache.catalina.startup.VersionLoggerListener log
情報: Command line argument: -Djava.io.tmpdir=/home/harukat/Homework/Software_CLASS/1-3/7/apache-tomcat-7.0.82/temp
11 29, 2017 2:39:45 午後 org.apache.catalina.core.AprLifecycleListener lifecycleEvent
情報: The APR based Apache Tomcat Native library which allows optimal performance in production environments was not found on the java.library.path: /usr/java/packages/lib/amd64:/usr/lib64:/lib64:/lib:/usr/lib
11 29, 2017 2:39:45 午後 org.apache.coyote.AbstractProtocol init
情報: Initializing ProtocolHandler ["http-bio-8080"]
11 29, 2017 2:39:45 午後 org.apache.coyote.AbstractProtocol init
情報: Initializing ProtocolHandler ["ajp-bio-8009"]
11 29, 2017 2:39:45 午後 org.apache.catalina.startup.Catalina load
情報: Initialization processed in 1896 ms
11 29, 2017 2:39:45 午後 org.apache.catalina.core.StandardService startInternal
情報: サービス Catalina を起動します
11 29, 2017 2:39:45 午後 org.apache.catalina.core.StandardEngine startInternal
情報: Starting Servlet Engine: Apache Tomcat/7.0.82
11 29, 2017 2:39:45 午後 org.apache.catalina.startup.HostConfig deployDescriptor
情報: 設定記述子 /home/harukat/Homework/Software_CLASS/1-3/7/apache-tomcat-7.0.82/conf/Catalina/localhost/TextArea.xml を配備します
11 29, 2017 2:39:46 午後 org.apache.catalina.startup.HostConfig deployDescriptor
情報: Deployment of configuration descriptor /home/harukat/Homework/Software_CLASS/1-3/7/apache-tomcat-7.0.82/conf/Catalina/localhost/TextArea.xml has finished in 830 ms
11 29, 2017 2:39:46 午後 org.apache.catalina.startup.HostConfig deployDirectory
情報: Webアプリケーションディレクトリ /home/harukat/Homework/Software_CLASS/1-3/7/apache-tomcat-7.0.82/webapps/ROOT を配備します
11 29, 2017 2:39:46 午後 org.apache.catalina.startup.HostConfig deployDirectory
情報: Deployment of web application directory /home/harukat/Homework/Software_CLASS/1-3/7/apache-tomcat-7.0.82/webapps/ROOT has finished in 52 ms
11 29, 2017 2:39:46 午後 org.apache.catalina.startup.HostConfig deployDirectory
情報: Webアプリケーションディレクトリ /home/harukat/Homework/Software_CLASS/1-3/7/apache-tomcat-7.0.82/webapps/docs を配備します
11 29, 2017 2:39:46 午後 org.apache.catalina.startup.HostConfig deployDirectory
情報: Deployment of web application directory /home/harukat/Homework/Software_CLASS/1-3/7/apache-tomcat-7.0.82/webapps/docs has finished in 27 ms
11 29, 2017 2:39:46 午後 org.apache.catalina.startup.HostConfig deployDirectory
情報: Webアプリケーションディレクトリ /home/harukat/Homework/Software_CLASS/1-3/7/apache-tomcat-7.0.82/webapps/host-manager を配備します
11 29, 2017 2:39:46 午後 org.apache.catalina.startup.HostConfig deployDirectory
情報: Deployment of web application directory /home/harukat/Homework/Software_CLASS/1-3/7/apache-tomcat-7.0.82/webapps/host-manager has finished in 356 ms
11 29, 2017 2:39:46 午後 org.apache.catalina.startup.HostConfig deployDirectory
情報: Webアプリケーションディレクトリ /home/harukat/Homework/Software_CLASS/1-3/7/apache-tomcat-7.0.82/webapps/manager を配備します
11 29, 2017 2:39:46 午後 org.apache.catalina.startup.HostConfig deployDirectory
情報: Deployment of web application directory /home/harukat/Homework/Software_CLASS/1-3/7/apache-tomcat-7.0.82/webapps/manager has finished in 26 ms
11 29, 2017 2:39:46 午後 org.apache.catalina.startup.HostConfig deployDirectory
情報: Webアプリケーションディレクトリ /home/harukat/Homework/Software_CLASS/1-3/7/apache-tomcat-7.0.82/webapps/examples を配備します
11 29, 2017 2:39:47 午後 org.apache.catalina.startup.HostConfig deployDirectory
情報: Deployment of web application directory /home/harukat/Homework/Software_CLASS/1-3/7/apache-tomcat-7.0.82/webapps/examples has finished in 610 ms
11 29, 2017 2:39:47 午後 org.apache.coyote.AbstractProtocol start
情報: Starting ProtocolHandler ["http-bio-8080"]
11 29, 2017 2:39:47 午後 org.apache.coyote.AbstractProtocol start
情報: Starting ProtocolHandler ["ajp-bio-8009"]
11 29, 2017 2:39:47 午後 org.apache.catalina.startup.Catalina start
情報: Server startup in 2028 ms
